<?xml version="1.0" encoding="UTF-8"?>
<!-- Generated by org.testng.reporters.JUnitXMLReporter -->
<testsuite ignored="0" hostname="PRASAD-CHINTHA" failures="0" tests="3" name="Default test" time="0.072" errors="0" timestamp="2024-01-04T10:56:43 IST">
  <testcase classname="seleniumpractise.classlevelchanges" name="Tc1" time="0.009"/>
  <testcase classname="seleniumpractise.classlevelchanges" name="Tc2" time="0.002"/>
  <testcase classname="seleniumpractise.classlevelchanges" name="Tc3" time="0.005"/>
</testsuite> <!-- Default test -->
