<?xml version="1.0" encoding="UTF-8"?>
<!-- Generated by org.testng.reporters.JUnitXMLReporter -->
<testsuite ignored="1" hostname="PRASAD-CHINTHA" failures="0" tests="2" name="Test" time="0.054" errors="0" timestamp="2024-01-04T10:40:40 IST">
  <testcase classname="seleniumpractise.sampilesuit2" name="Tc1" time="0.008"/>
  <testcase classname="seleniumpractise.sampilesuit2" name="Tc3" time="0.002"/>
  <testcase classname="seleniumpractise.sampilesuit2" name="Tc2" time="0.0">
    <ignored/>
  </testcase> <!-- Tc2 -->
</testsuite> <!-- Test -->
