<?xml version="1.0" encoding="UTF-8"?>
<testng-results ignored="0" total="3" passed="3" failed="0" skipped="0">
  <reporter-output>
    <line>
      <![CDATA[running Tc1]]>
    </line>
    <line>
      <![CDATA[running Tc2]]>
    </line>
    <line>
      <![CDATA[running Tc3]]>
    </line>
  </reporter-output>
  <suite started-at="2024-01-04T10:56:42 IST" name="Default suite" finished-at="2024-01-04T10:56:42 IST" duration-ms="72">
    <groups>
    </groups>
    <test started-at="2024-01-04T10:56:42 IST" name="Default test" finished-at="2024-01-04T10:56:42 IST" duration-ms="72">
      <class name="seleniumpractise.classlevelchanges">
        <test-method signature="Tc1()[pri:0, instance:seleniumpractise.classlevelchanges@58d75e99]" started-at="2024-01-04T10:56:42 IST" name="Tc1" finished-at="2024-01-04T10:56:42 IST" duration-ms="9" status="PASS">
          <reporter-output>
            <line>
              <![CDATA[running Tc1]]>
            </line>
          </reporter-output>
        </test-method> <!-- Tc1 -->
        <test-method signature="Tc2()[pri:0, instance:seleniumpractise.classlevelchanges@58d75e99]" started-at="2024-01-04T10:56:42 IST" name="Tc2" finished-at="2024-01-04T10:56:42 IST" duration-ms="2" status="PASS">
          <reporter-output>
            <line>
              <![CDATA[running Tc2]]>
            </line>
          </reporter-output>
        </test-method> <!-- Tc2 -->
        <test-method signature="Tc3()[pri:0, instance:seleniumpractise.classlevelchanges@58d75e99]" started-at="2024-01-04T10:56:42 IST" name="Tc3" finished-at="2024-01-04T10:56:42 IST" duration-ms="5" status="PASS">
          <reporter-output>
            <line>
              <![CDATA[running Tc3]]>
            </line>
          </reporter-output>
        </test-method> <!-- Tc3 -->
      </class> <!-- seleniumpractise.classlevelchanges -->
    </test> <!-- Default test -->
  </suite> <!-- Default suite -->
</testng-results>
